18:32:16.412 [main] INFO  c.example.quizapp.QuizappApplication - No active profile set, falling back to 1 default profile: "default"
18:32:17.796 [main] INFO  o.s.d.r.c.RepositoryConfigurationDelegate - Bootstrapping Spring Data JPA repositories in DEFAULT mode.
18:32:17.886 [main] INFO  o.s.d.r.c.RepositoryConfigurationDelegate - Finished Spring Data repository scanning in 78 ms. Found 2 JPA repository interfaces.
18:32:18.528 [main] INFO  o.s.b.w.e.tomcat.TomcatWebServer - Tomcat initialized with port(s): 8080 (http)
18:32:18.530 [main] INFO  o.a.c.core.AprLifecycleListener - An older version [1.2.39] of the Apache Tomcat Native library is installed, while Tomcat recommends a minimum version of [2.0.5]
18:32:18.530 [main] INFO  o.a.c.core.AprLifecycleListener - Loaded Apache Tomcat Native library [1.2.39] using APR version [1.7.4].
18:32:18.534 [main] INFO  o.a.c.core.AprLifecycleListener - OpenSSL successfully initialized [OpenSSL 3.0.11 19 Sep 2023]
18:32:18.542 [main] INFO  o.a.coyote.http11.Http11NioProtocol - Initializing ProtocolHandler ["http-nio-8080"]
18:32:18.543 [main] INFO  o.a.catalina.core.StandardService - Starting service [Tomcat]
18:32:18.543 [main] INFO  o.a.catalina.core.StandardEngine - Starting Servlet engine: [Apache Tomcat/10.1.15]
18:32:18.639 [main] INFO  o.a.c.c.C.[Tomcat].[localhost].[/] - Initializing Spring embedded WebApplicationContext
18:32:18.639 [main] INFO  o.s.b.w.s.c.ServletWebServerApplicationContext - Root WebApplicationContext: initialization completed in 2076 ms
18:32:18.838 [main] INFO  o.h.jpa.internal.util.LogHelper - HHH000204: Processing PersistenceUnitInfo [name: default]
18:32:18.903 [main] INFO  org.hibernate.Version - HHH000412: Hibernate ORM core version 6.2.13.Final
18:32:18.905 [main] INFO  org.hibernate.cfg.Environment - HHH000406: Using bytecode reflection optimizer
18:32:19.499 [main] INFO  o.s.o.j.p.SpringPersistenceUnitInfo - No LoadTimeWeaver setup: ignoring JPA class transformer
18:32:19.551 [main] INFO  com.zaxxer.hikari.HikariDataSource - HikariPool-1 - Starting...
18:32:19.996 [main] INFO  com.zaxxer.hikari.pool.HikariPool - HikariPool-1 - Added connection org.postgresql.jdbc.PgConnection@539316bb
18:32:19.999 [main] INFO  com.zaxxer.hikari.HikariDataSource - HikariPool-1 - Start completed.
18:32:20.090 [main] WARN  org.hibernate.orm.deprecation - HHH90000025: PostgreSQLDialect does not need to be specified explicitly using 'hibernate.dialect' (remove the property setting and it will be selected by default)
18:32:21.209 [main] INFO  o.h.e.t.j.p.i.JtaPlatformInitiator - HHH000489: No JTA platform available (set 'hibernate.transaction.jta.platform' to enable JTA platform integration)
18:32:21.307 [main] INFO  o.s.o.j.LocalContainerEntityManagerFactoryBean - Initialized JPA EntityManagerFactory for persistence unit 'default'
18:32:21.643 [main] INFO  o.s.d.j.r.query.QueryEnhancerFactory - Hibernate is in classpath; If applicable, HQL parser will be used.
18:32:21.831 [main] WARN  o.s.b.a.o.j.JpaBaseConfiguration$JpaWebConfiguration - spring.jpa.open-in-view is enabled by default. Therefore, database queries may be performed during view rendering. Explicitly configure spring.jpa.open-in-view to disable this warning
18:32:22.370 [main] INFO  o.a.coyote.http11.Http11NioProtocol - Starting ProtocolHandler ["http-nio-8080"]
18:32:22.407 [main] INFO  o.s.b.w.e.tomcat.TomcatWebServer - Tomcat started on port(s): 8080 (http) with context path ''
18:32:22.426 [main] INFO  c.example.quizapp.QuizappApplication - Started QuizappApplication in 6.823 seconds (process running for 7.908)
18:32:32.870 [http-nio-8080-exec-1] INFO  o.a.c.c.C.[Tomcat].[localhost].[/] - Initializing Spring DispatcherServlet 'dispatcherServlet'
18:32:32.870 [http-nio-8080-exec-1] INFO  o.s.web.servlet.DispatcherServlet - Initializing Servlet 'dispatcherServlet'
18:32:32.870 [http-nio-8080-exec-1] INFO  o.s.web.servlet.DispatcherServlet - Completed initialization in 0 ms
18:32:43.551 [SpringApplicationShutdownHook] INFO  o.s.o.j.LocalContainerEntityManagerFactoryBean - Closing JPA EntityManagerFactory for persistence unit 'default'
18:32:43.567 [SpringApplicationShutdownHook] INFO  com.zaxxer.hikari.HikariDataSource - HikariPool-1 - Shutdown initiated...
18:32:43.567 [SpringApplicationShutdownHook] INFO  com.zaxxer.hikari.HikariDataSource - HikariPool-1 - Shutdown completed.
18:32:48.024 [main] INFO  c.example.quizapp.QuizappApplication - Starting QuizappApplication using Java 21.0.1 with PID 14860 (D:\spring boot working\quizapp\target\classes started by Manshi in D:\spring boot working\quizapp)
18:32:48.028 [main] INFO  c.example.quizapp.QuizappApplication - No active profile set, falling back to 1 default profile: "default"
18:32:49.335 [main] INFO  o.s.d.r.c.RepositoryConfigurationDelegate - Bootstrapping Spring Data JPA repositories in DEFAULT mode.
18:32:49.398 [main] INFO  o.s.d.r.c.RepositoryConfigurationDelegate - Finished Spring Data repository scanning in 55 ms. Found 2 JPA repository interfaces.
18:32:50.049 [main] INFO  o.s.b.w.e.tomcat.TomcatWebServer - Tomcat initialized with port(s): 8080 (http)
18:32:50.049 [main] INFO  o.a.c.core.AprLifecycleListener - An older version [1.2.39] of the Apache Tomcat Native library is installed, while Tomcat recommends a minimum version of [2.0.5]
18:32:50.050 [main] INFO  o.a.c.core.AprLifecycleListener - Loaded Apache Tomcat Native library [1.2.39] using APR version [1.7.4].
18:32:50.053 [main] INFO  o.a.c.core.AprLifecycleListener - OpenSSL successfully initialized [OpenSSL 3.0.11 19 Sep 2023]
18:32:50.060 [main] INFO  o.a.coyote.http11.Http11NioProtocol - Initializing ProtocolHandler ["http-nio-8080"]
18:32:50.063 [main] INFO  o.a.catalina.core.StandardService - Starting service [Tomcat]
18:32:50.063 [main] INFO  o.a.catalina.core.StandardEngine - Starting Servlet engine: [Apache Tomcat/10.1.15]
18:32:50.162 [main] INFO  o.a.c.c.C.[Tomcat].[localhost].[/] - Initializing Spring embedded WebApplicationContext
18:32:50.162 [main] INFO  o.s.b.w.s.c.ServletWebServerApplicationContext - Root WebApplicationContext: initialization completed in 2002 ms
18:32:50.360 [main] INFO  o.h.jpa.internal.util.LogHelper - HHH000204: Processing PersistenceUnitInfo [name: default]
18:32:50.421 [main] INFO  org.hibernate.Version - HHH000412: Hibernate ORM core version 6.2.13.Final
18:32:50.423 [main] INFO  org.hibernate.cfg.Environment - HHH000406: Using bytecode reflection optimizer
18:32:50.681 [main] INFO  o.s.o.j.p.SpringPersistenceUnitInfo - No LoadTimeWeaver setup: ignoring JPA class transformer
18:32:50.706 [main] INFO  com.zaxxer.hikari.HikariDataSource - HikariPool-1 - Starting...
18:32:51.055 [main] INFO  com.zaxxer.hikari.pool.HikariPool - HikariPool-1 - Added connection org.postgresql.jdbc.PgConnection@3a45afd4
18:32:51.058 [main] INFO  com.zaxxer.hikari.HikariDataSource - HikariPool-1 - Start completed.
18:32:51.135 [main] WARN  org.hibernate.orm.deprecation - HHH90000025: PostgreSQLDialect does not need to be specified explicitly using 'hibernate.dialect' (remove the property setting and it will be selected by default)
18:32:53.523 [main] INFO  o.h.e.t.j.p.i.JtaPlatformInitiator - HHH000489: No JTA platform available (set 'hibernate.transaction.jta.platform' to enable JTA platform integration)
18:32:53.673 [main] INFO  o.s.o.j.LocalContainerEntityManagerFactoryBean - Initialized JPA EntityManagerFactory for persistence unit 'default'
18:32:55.539 [main] INFO  o.s.d.j.r.query.QueryEnhancerFactory - Hibernate is in classpath; If applicable, HQL parser will be used.
18:32:55.875 [main] WARN  o.s.b.a.o.j.JpaBaseConfiguration$JpaWebConfiguration - spring.jpa.open-in-view is enabled by default. Therefore, database queries may be performed during view rendering. Explicitly configure spring.jpa.open-in-view to disable this warning
18:32:56.334 [main] INFO  o.a.coyote.http11.Http11NioProtocol - Starting ProtocolHandler ["http-nio-8080"]
18:32:56.369 [main] INFO  o.s.b.w.e.tomcat.TomcatWebServer - Tomcat started on port(s): 8080 (http) with context path ''
18:32:56.389 [main] INFO  c.example.quizapp.QuizappApplication - Started QuizappApplication in 8.923 seconds (process running for 9.634)
18:33:08.628 [http-nio-8080-exec-1] INFO  o.a.c.c.C.[Tomcat].[localhost].[/] - Initializing Spring DispatcherServlet 'dispatcherServlet'
18:33:08.628 [http-nio-8080-exec-1] INFO  o.s.web.servlet.DispatcherServlet - Initializing Servlet 'dispatcherServlet'
18:33:08.628 [http-nio-8080-exec-1] INFO  o.s.web.servlet.DispatcherServlet - Completed initialization in 0 ms
18:34:11.153 [SpringApplicationShutdownHook] INFO  o.s.o.j.LocalContainerEntityManagerFactoryBean - Closing JPA EntityManagerFactory for persistence unit 'default'
18:34:11.168 [SpringApplicationShutdownHook] INFO  com.zaxxer.hikari.HikariDataSource - HikariPool-1 - Shutdown initiated...
18:34:11.168 [SpringApplicationShutdownHook] INFO  com.zaxxer.hikari.HikariDataSource - HikariPool-1 - Shutdown completed.
09:17:40.640 [main] INFO  c.example.quizapp.QuizappApplication - Starting QuizappApplication using Java 21.0.1 with PID 5960 (D:\spring boot working\quizapp\target\classes started by Manshi in D:\spring boot working\quizapp)
09:17:40.645 [main] INFO  c.example.quizapp.QuizappApplication - No active profile set, falling back to 1 default profile: "default"
09:17:41.563 [main] INFO  o.s.d.r.c.RepositoryConfigurationDelegate - Bootstrapping Spring Data JPA repositories in DEFAULT mode.
09:17:41.673 [main] INFO  o.s.d.r.c.RepositoryConfigurationDelegate - Finished Spring Data repository scanning in 94 ms. Found 2 JPA repository interfaces.
09:17:42.304 [main] INFO  o.s.b.w.e.tomcat.TomcatWebServer - Tomcat initialized with port(s): 8080 (http)
09:17:42.305 [main] INFO  o.a.c.core.AprLifecycleListener - An older version [1.2.39] of the Apache Tomcat Native library is installed, while Tomcat recommends a minimum version of [2.0.5]
09:17:42.305 [main] INFO  o.a.c.core.AprLifecycleListener - Loaded Apache Tomcat Native library [1.2.39] using APR version [1.7.4].
09:17:42.319 [main] INFO  o.a.c.core.AprLifecycleListener - OpenSSL successfully initialized [OpenSSL 3.0.11 19 Sep 2023]
09:17:42.325 [main] INFO  o.a.coyote.http11.Http11NioProtocol - Initializing ProtocolHandler ["http-nio-8080"]
09:17:42.328 [main] INFO  o.a.catalina.core.StandardService - Starting service [Tomcat]
09:17:42.328 [main] INFO  o.a.catalina.core.StandardEngine - Starting Servlet engine: [Apache Tomcat/10.1.15]
09:17:42.423 [main] INFO  o.a.c.c.C.[.[localhost].[/quizapp] - Initializing Spring embedded WebApplicationContext
09:17:42.423 [main] INFO  o.s.b.w.s.c.ServletWebServerApplicationContext - Root WebApplicationContext: initialization completed in 1708 ms
09:17:42.651 [main] INFO  o.h.jpa.internal.util.LogHelper - HHH000204: Processing PersistenceUnitInfo [name: default]
09:17:42.746 [main] INFO  org.hibernate.Version - HHH000412: Hibernate ORM core version 6.2.13.Final
09:17:42.749 [main] INFO  org.hibernate.cfg.Environment - HHH000406: Using bytecode reflection optimizer
09:17:43.108 [main] INFO  o.s.o.j.p.SpringPersistenceUnitInfo - No LoadTimeWeaver setup: ignoring JPA class transformer
09:17:43.136 [main] INFO  com.zaxxer.hikari.HikariDataSource - HikariPool-1 - Starting...
09:17:43.472 [main] INFO  com.zaxxer.hikari.pool.HikariPool - HikariPool-1 - Added connection org.postgresql.jdbc.PgConnection@539316bb
09:17:43.475 [main] INFO  com.zaxxer.hikari.HikariDataSource - HikariPool-1 - Start completed.
09:17:43.529 [main] WARN  org.hibernate.orm.deprecation - HHH90000025: PostgreSQLDialect does not need to be specified explicitly using 'hibernate.dialect' (remove the property setting and it will be selected by default)
09:17:44.853 [main] INFO  o.h.e.t.j.p.i.JtaPlatformInitiator - HHH000489: No JTA platform available (set 'hibernate.transaction.jta.platform' to enable JTA platform integration)
09:17:45.013 [main] INFO  o.s.o.j.LocalContainerEntityManagerFactoryBean - Initialized JPA EntityManagerFactory for persistence unit 'default'
09:17:45.506 [main] INFO  o.s.d.j.r.query.QueryEnhancerFactory - Hibernate is in classpath; If applicable, HQL parser will be used.
09:17:45.766 [main] WARN  o.s.b.a.o.j.JpaBaseConfiguration$JpaWebConfiguration - spring.jpa.open-in-view is enabled by default. Therefore, database queries may be performed during view rendering. Explicitly configure spring.jpa.open-in-view to disable this warning
09:17:46.211 [main] INFO  o.a.coyote.http11.Http11NioProtocol - Starting ProtocolHandler ["http-nio-8080"]
09:17:46.236 [main] INFO  o.s.b.w.e.tomcat.TomcatWebServer - Tomcat started on port(s): 8080 (http) with context path '/quizapp'
09:17:46.248 [main] INFO  c.example.quizapp.QuizappApplication - Started QuizappApplication in 6.131 seconds (process running for 7.04)
